# JRE version: OpenJDK Runtime Environment JBR-17.0.5+1-653.25-jcef (17.0.5+1) (build 17.0.5+1-b653.25)
# Java VM: OpenJDK 64-Bit Server VM JBR-17.0.5+1-653.25-jcef (17.0.5+1-b653.25, mixed mode, tiered, compressed oops, compressed class ptrs, g1 gc, windows-amd64)
GC Precious Log:
 CPUs: 4 total, 4 available
 Memory: 8047M
 Large Page Support: Disabled
 NUMA Support: Disabled
 Compressed Oops: Enabled (32-bit)
 Heap Region Size: 1M
 Heap Min Capacity: 128M
 Heap Initial Capacity: 128M
 Heap Max Capacity: 750M
 Pre-touch: Disabled
 Parallel Workers: 4
 Concurrent Workers: 1
 Concurrent Refinement Workers: 4
 Periodic GC: Disabled
Heap:
 garbage-first heap   total 131072K, used 12936K [0x00000000d1200000, 0x0000000100000000)
  region size 1024K, 6 young (6144K), 0 survivors (0K)
 Metaspace       used 20012K, committed 20416K, reserved 1073152K
  class space    used 1990K, committed 2112K, reserved 1048576K
GC Heap History (8 events):
Event: 2.470 GC heap before
{Heap before GC invocations=0 (full 0):
 garbage-first heap   total 131072K, used 15360K [0x00000000d1200000, 0x0000000100000000)
  region size 1024K, 13 young (13312K), 0 survivors (0K)
 Metaspace       used 15680K, committed 15872K, reserved 1064960K
  class space    used 1624K, committed 1728K, reserved 1048576K
}
Event: 2.477 GC heap after
{Heap after GC invocations=1 (full 0):
 garbage-first heap   total 131072K, used 7070K [0x00000000d1200000, 0x0000000100000000)
  region size 1024K, 2 young (2048K), 2 survivors (2048K)
 Metaspace       used 15680K, committed 15872K, reserved 1064960K
  class space    used 1624K, committed 1728K, reserved 1048576K
}
Event: 3.135 GC heap before
{Heap before GC invocations=1 (full 0):
 garbage-first heap   total 131072K, used 18334K [0x00000000d1200000, 0x0000000100000000)
  region size 1024K, 13 young (13312K), 2 survivors (2048K)
 Metaspace       used 19406K, committed 19648K, reserved 1073152K
  class space    used 1988K, committed 2112K, reserved 1048576K
}
Event: 3.142 GC heap after
{Heap after GC invocations=2 (full 0):
 garbage-first heap   total 131072K, used 8792K [0x00000000d1200000, 0x0000000100000000)
  region size 1024K, 2 young (2048K), 2 survivors (2048K)
 Metaspace       used 19406K, committed 19648K, reserved 1073152K
  class space    used 1988K, committed 2112K, reserved 1048576K
}
Event: 3600.042 GC heap before
{Heap before GC invocations=2 (full 0):
 garbage-first heap   total 131072K, used 25176K [0x00000000d1200000, 0x0000000100000000)
  region size 1024K, 19 young (19456K), 2 survivors (2048K)
 Metaspace       used 20142K, committed 20352K, reserved 1073152K
  class space    used 2017K, committed 2112K, reserved 1048576K
}
Event: 3600.186 GC heap after
{Heap after GC invocations=3 (full 1):
 garbage-first heap   total 131072K, used 8516K [0x00000000d1200000, 0x0000000100000000)
  region size 1024K, 0 young (0K), 0 survivors (0K)
 Metaspace       used 20142K, committed 20352K, reserved 1073152K
  class space    used 2017K, committed 2112K, reserved 1048576K
}
Event: 7201.239 GC heap before
{Heap before GC invocations=3 (full 1):
 garbage-first heap   total 131072K, used 19780K [0x00000000d1200000, 0x0000000100000000)
  region size 1024K, 12 young (12288K), 0 survivors (0K)
 Metaspace       used 20145K, committed 20352K, reserved 1073152K
  class space    used 2017K, committed 2112K, reserved 1048576K
}
Event: 7201.486 GC heap after
{Heap after GC invocations=4 (full 2):
 garbage-first heap   total 131072K, used 7816K [0x00000000d1200000, 0x0000000100000000)
  region size 1024K, 0 young (0K), 0 survivors (0K)
 Metaspace       used 19959K, committed 20352K, reserved 1073152K
  class space    used 1976K, committed 2112K, reserved 1048576K
}

